<?xml version="1.0" encoding="UTF-8"?>
<testng-results skipped="0" failed="0" total="1" passed="1">
  <reporter-output>
  </reporter-output>
  <suite name="Smoke" duration-ms="86777" started-at="2014-06-20T01:33:47Z" finished-at="2014-06-20T01:35:13Z">
    <groups>
      <group name="smoke">
        <method signature="mySelenium.testChrome()[pri:0, instance:mySelenium@328bdd6b]" name="testChrome" class="mySelenium"/>
      </group> <!-- smoke -->
    </groups>
    <test name="SampleTest" duration-ms="86777" started-at="2014-06-20T01:33:47Z" finished-at="2014-06-20T01:35:13Z">
      <class name="mySelenium">
        <test-method status="PASS" signature="testChrome()[pri:0, instance:mySelenium@328bdd6b]" name="testChrome" duration-ms="86757" started-at="2014-06-19T22:33:47Z" finished-at="2014-06-19T22:35:13Z">
          <reporter-output>
          </reporter-output>
        </test-method> <!-- testChrome -->
      </class> <!-- mySelenium -->
    </test> <!-- SampleTest -->
  </suite> <!-- Smoke -->
</testng-results>
